<?xml version="1.0" encoding="UTF-8"?>
<robot generator="Robot 6.1 (Python 3.10.6 on linux)" generated="20230727 15:57:41.495" rpa="false" schemaversion="4">
<suite id="s1" name="RestTest" source="/home/INTEXSOFT/alexey.garkaviy/PycharmProjects/pythonProject/TestSuite/RestTest.robot">
<test id="s1-t1" name="Get Employee" line="6">
<kw name="GET" library="RequestsLibrary">
<var>${response}</var>
<arg>http://echo.jsontest.com/employee/1001</arg>
<doc>Sends a GET request.</doc>
<msg timestamp="20230727 15:57:42.178" level="INFO">GET Request : url=http://echo.jsontest.com/employee/1001 
 path_url=/employee/1001 
 headers={'User-Agent': 'python-requests/2.31.0', 'Accept-Encoding': 'gzip, deflate', 'Accept': '*/*', 'Connection': 'keep-alive'} 
 body=None 
 </msg>
<msg timestamp="20230727 15:57:42.178" level="INFO">GET Response : url=http://echo.jsontest.com/employee/1001 
 status=200, reason=OK 
 headers={'Access-Control-Allow-Origin': '*', 'Content-Type': 'application/json', 'X-Cloud-Trace-Context': '8ed9f89165980322cc96a8a83639466b', 'Date': 'Thu, 27 Jul 2023 12:57:41 GMT', 'Server': 'Google Frontend', 'Content-Length': '21'} 
 body={"employee": "1001"}
 
 </msg>
<msg timestamp="20230727 15:57:42.178" level="INFO">${response} = &lt;Response [200]&gt;</msg>
<status status="PASS" starttime="20230727 15:57:41.545" endtime="20230727 15:57:42.178"/>
</kw>
<kw name="Log" library="BuiltIn">
<arg>${response.json()}</arg>
<doc>Logs the given message with the given level.</doc>
<msg timestamp="20230727 15:57:42.179" level="INFO">{'employee': '1001'}</msg>
<status status="PASS" starttime="20230727 15:57:42.178" endtime="20230727 15:57:42.179"/>
</kw>
<kw name="Status Should Be" library="RequestsLibrary">
<arg>200</arg>
<doc>Fails if response status code is different than the expected.</doc>
<status status="PASS" starttime="20230727 15:57:42.180" endtime="20230727 15:57:42.180"/>
</kw>
<status status="PASS" starttime="20230727 15:57:41.545" endtime="20230727 15:57:42.180"/>
</test>
<status status="PASS" starttime="20230727 15:57:41.496" endtime="20230727 15:57:42.180"/>
</suite>
<statistics>
<total>
<stat pass="1" fail="0" skip="0">All Tests</stat>
</total>
<tag>
</tag>
<suite>
<stat pass="1" fail="0" skip="0" id="s1" name="RestTest">RestTest</stat>
</suite>
</statistics>
<errors>
</errors>
</robot>
