<?xml version="1.0" encoding="UTF-8"?>
<robot generator="Robot 6.1 (Python 3.10.6 on linux)" generated="20230727 08:59:26.809" rpa="false" schemaversion="4">
<suite id="s1" name="GoogleSearch" source="/home/INTEXSOFT/alexey.garkaviy/PycharmProjects/pythonProject/TestSuite/Google/FunctionalTestSuite/GoogleSearch.robot">
<test id="s1-t1" name="This is example test case" line="7">
<kw name="Open Browser" library="SeleniumLibrary">
<arg>http://www.google.com</arg>
<arg>chrome</arg>
<doc>Opens a new browser instance to the optional ``url``.</doc>
<msg timestamp="20230727 08:59:26.915" level="INFO">Opening browser 'chrome' to base url 'http://www.google.com'.</msg>
<status status="PASS" starttime="20230727 08:59:26.914" endtime="20230727 08:59:28.473"/>
</kw>
<kw name="Close Browser" library="SeleniumLibrary">
<doc>Closes the current browser.</doc>
<status status="PASS" starttime="20230727 08:59:28.473" endtime="20230727 08:59:28.531"/>
</kw>
<doc>Google test</doc>
<tag>functional</tag>
<status status="PASS" starttime="20230727 08:59:26.914" endtime="20230727 08:59:28.531"/>
</test>
<status status="PASS" starttime="20230727 08:59:26.811" endtime="20230727 08:59:28.532"/>
</suite>
<statistics>
<total>
<stat pass="1" fail="0" skip="0">All Tests</stat>
</total>
<tag>
<stat pass="1" fail="0" skip="0">functional</stat>
</tag>
<suite>
<stat pass="1" fail="0" skip="0" id="s1" name="GoogleSearch">GoogleSearch</stat>
</suite>
</statistics>
<errors>
</errors>
</robot>
